<?xml version="1.0" encoding="UTF-8"?>
<!-- Generated by org.testng.reporters.JUnitXMLReporter -->
<testsuite ignored="0" hostname="LDorbala" failures="0" tests="3" name="Default test" time="12.894" errors="0" timestamp="2024-08-17T22:52:51 IST">
  <testcase classname="com.qa.opencart.tests.LoginPageTest" name="loginPageNavigationTest" time="0.872"/>
  <testcase classname="com.qa.opencart.tests.LoginPageTest" name="ForgotPwdTestAssert" time="0.015"/>
  <testcase classname="com.qa.opencart.tests.LoginPageTest" name="appLoginTest" time="0.37"/>
</testsuite> <!-- Default test -->
