<?xml version="1.0" encoding="UTF-8"?>
<!-- Generated by org.testng.reporters.JUnitXMLReporter -->
<testsuite ignored="0" hostname="LDorbala" failures="0" tests="3" name="Open Cart Login Page Test with safari" time="19.937" errors="0" timestamp="2024-08-18T21:15:33 IST">
  <testcase classname="com.qa.opencart.tests.LoginPageTest" name="loginPageNavigationTest" time="1.3"/>
  <testcase classname="com.qa.opencart.tests.LoginPageTest" name="ForgotPwdTestAssert" time="0.386"/>
  <testcase classname="com.qa.opencart.tests.LoginPageTest" name="appLoginTest" time="1.542"/>
</testsuite> <!-- Open Cart Login Page Test with safari -->
