<?xml version="1.0" encoding="UTF-8"?>
<!-- Generated by org.testng.reporters.JUnitXMLReporter -->
<testsuite ignored="0" hostname="LDorbala" failures="0" tests="3" name="Open Cart Login Page Test with chrome" time="14.255" errors="0" timestamp="2024-08-18T16:08:31 IST">
  <testcase classname="com.qa.opencart.tests.LoginPageTest" name="loginPageNavigationTest" time="0.74"/>
  <testcase classname="com.qa.opencart.tests.LoginPageTest" name="ForgotPwdTestAssert" time="0.309"/>
  <testcase classname="com.qa.opencart.tests.LoginPageTest" name="appLoginTest" time="0.381"/>
</testsuite> <!-- Open Cart Login Page Test with chrome -->
