<?xml version="1.0" encoding="UTF-8"?>
<!-- Generated by org.testng.reporters.JUnitXMLReporter -->
<testsuite ignored="0" hostname="LDorbala" failures="0" tests="5" name="Open Cart Home Page Test with chromium" time="20.746" errors="0" timestamp="2024-08-18T21:15:33 IST">
  <testcase classname="com.qa.opencart.tests.HomePageTest" name="HomePageTitle" time="0.144"/>
  <testcase classname="com.qa.opencart.tests.HomePageTest" name="HomePageURL" time="0.001"/>
  <testcase classname="com.qa.opencart.tests.HomePageTest" name="DoSearchProduct" time="0.397"/>
  <testcase classname="com.qa.opencart.tests.HomePageTest" name="DoSearchProduct" time="1.15"/>
  <testcase classname="com.qa.opencart.tests.HomePageTest" name="DoSearchProduct" time="0.692"/>
</testsuite> <!-- Open Cart Home Page Test with chromium -->
