<?xml version="1.0" encoding="UTF-8"?>
<!-- Generated by org.testng.reporters.JUnitXMLReporter -->
<testsuite ignored="0" hostname="LDorbala" failures="0" tests="5" name="Open Cart Home Page Test with chrome" time="19.952" errors="0" timestamp="2024-08-18T21:15:33 IST">
  <testcase classname="com.qa.opencart.tests.HomePageTest" name="HomePageTitle" time="0.026"/>
  <testcase classname="com.qa.opencart.tests.HomePageTest" name="HomePageURL" time="0.002"/>
  <testcase classname="com.qa.opencart.tests.HomePageTest" name="DoSearchProduct" time="1.239"/>
  <testcase classname="com.qa.opencart.tests.HomePageTest" name="DoSearchProduct" time="0.4"/>
  <testcase classname="com.qa.opencart.tests.HomePageTest" name="DoSearchProduct" time="0.818"/>
</testsuite> <!-- Open Cart Home Page Test with chrome -->
